E:\COMINT PROJECT\COMINTPROJ\COMINTPROJ\DEBUG\.NETFRAMEWORK,VERSION=V4.0.ASSEMBLYATTRIBUTES.OBJ
E:\COMINT PROJECT\COMINTPROJ\COMINTPROJ\DEBUG\APP.RES
E:\COMINT PROJECT\COMINTPROJ\COMINTPROJ\DEBUG\ASSEMBLYINFO.OBJ
E:\COMINT PROJECT\COMINTPROJ\COMINTPROJ\DEBUG\COMINTPROJ.EXE.INTERMEDIATE.MANIFEST
E:\COMINT PROJECT\COMINTPROJ\COMINTPROJ\DEBUG\COMINTPROJ.FORM1.RESOURCES
E:\COMINT PROJECT\COMINTPROJ\COMINTPROJ\DEBUG\COMINTPROJ.OBJ
E:\COMINT PROJECT\COMINTPROJ\COMINTPROJ\DEBUG\COMINTPROJ.PCH
E:\COMINT PROJECT\COMINTPROJ\COMINTPROJ\DEBUG\STDAFX.OBJ
E:\COMINT PROJECT\COMINTPROJ\COMINTPROJ\DEBUG\VC100.PDB
E:\COMINT PROJECT\COMINTPROJ\DEBUG\COMINTPROJ.EXE
E:\COMINT PROJECT\COMINTPROJ\DEBUG\COMINTPROJ.ILK
E:\COMINT PROJECT\COMINTPROJ\DEBUG\COMINTPROJ.PDB
F:\COMINT PROJECT\COMINTPROJ\COMINTPROJ\DEBUG\.NETFRAMEWORK,VERSION=V4.0.ASSEMBLYATTRIBUTES.OBJ
F:\COMINT PROJECT\COMINTPROJ\COMINTPROJ\DEBUG\APP.RES
F:\COMINT PROJECT\COMINTPROJ\COMINTPROJ\DEBUG\ASSEMBLYINFO.OBJ
F:\Comint Project\ComIntProj\ComIntProj\Debug\cl.command.1.tlog
F:\Comint Project\ComIntProj\ComIntProj\Debug\CL.read.1.tlog
F:\Comint Project\ComIntProj\ComIntProj\Debug\CL.write.1.tlog
F:\COMINT PROJECT\COMINTPROJ\COMINTPROJ\DEBUG\COMINTPROJ.EXE.INTERMEDIATE.MANIFEST
F:\COMINT PROJECT\COMINTPROJ\COMINTPROJ\DEBUG\COMINTPROJ.FORM1.RESOURCES
F:\COMINT PROJECT\COMINTPROJ\COMINTPROJ\DEBUG\COMINTPROJ.OBJ
F:\COMINT PROJECT\COMINTPROJ\COMINTPROJ\DEBUG\COMINTPROJ.PCH
F:\Comint Project\ComIntProj\ComIntProj\Debug\ComIntProj.write.1.tlog
F:\Comint Project\ComIntProj\ComIntProj\Debug\GenerateResource.read.1.tlog
F:\Comint Project\ComIntProj\ComIntProj\Debug\GenerateResource.read.7.tlog
F:\Comint Project\ComIntProj\ComIntProj\Debug\GenerateResource.write.1.tlog
F:\Comint Project\ComIntProj\ComIntProj\Debug\GenerateResource.write.7.tlog
F:\Comint Project\ComIntProj\ComIntProj\Debug\link.1172.read.1.tlog
F:\Comint Project\ComIntProj\ComIntProj\Debug\link.1172.write.1.tlog
F:\Comint Project\ComIntProj\ComIntProj\Debug\link.1172-cvtres.read.1.tlog
F:\Comint Project\ComIntProj\ComIntProj\Debug\link.1172-cvtres.write.1.tlog
F:\Comint Project\ComIntProj\ComIntProj\Debug\link.1816.read.1.tlog
F:\Comint Project\ComIntProj\ComIntProj\Debug\link.1816.write.1.tlog
F:\Comint Project\ComIntProj\ComIntProj\Debug\link.1816-cvtres.read.1.tlog
F:\Comint Project\ComIntProj\ComIntProj\Debug\link.1816-cvtres.write.1.tlog
F:\Comint Project\ComIntProj\ComIntProj\Debug\link.4268.read.1.tlog
F:\Comint Project\ComIntProj\ComIntProj\Debug\link.4268.write.1.tlog
F:\Comint Project\ComIntProj\ComIntProj\Debug\link.4268-cvtres.read.1.tlog
F:\Comint Project\ComIntProj\ComIntProj\Debug\link.4268-cvtres.write.1.tlog
F:\Comint Project\ComIntProj\ComIntProj\Debug\link.4312.read.1.tlog
F:\Comint Project\ComIntProj\ComIntProj\Debug\link.4312.write.1.tlog
F:\Comint Project\ComIntProj\ComIntProj\Debug\link.4312-cvtres.read.1.tlog
F:\Comint Project\ComIntProj\ComIntProj\Debug\link.4312-cvtres.write.1.tlog
F:\Comint Project\ComIntProj\ComIntProj\Debug\link.6400.read.1.tlog
F:\Comint Project\ComIntProj\ComIntProj\Debug\link.6400.write.1.tlog
F:\Comint Project\ComIntProj\ComIntProj\Debug\link.6400-cvtres.read.1.tlog
F:\Comint Project\ComIntProj\ComIntProj\Debug\link.6400-cvtres.write.1.tlog
F:\Comint Project\ComIntProj\ComIntProj\Debug\link.848.read.1.tlog
F:\Comint Project\ComIntProj\ComIntProj\Debug\link.848.write.1.tlog
F:\Comint Project\ComIntProj\ComIntProj\Debug\link.848-cvtres.read.1.tlog
F:\Comint Project\ComIntProj\ComIntProj\Debug\link.848-cvtres.write.1.tlog
F:\Comint Project\ComIntProj\ComIntProj\Debug\link.command.1.tlog
F:\Comint Project\ComIntProj\ComIntProj\Debug\link.read.1.tlog
F:\Comint Project\ComIntProj\ComIntProj\Debug\link.write.1.tlog
F:\Comint Project\ComIntProj\ComIntProj\Debug\metagen.read.1.tlog
F:\Comint Project\ComIntProj\ComIntProj\Debug\metagen.write.1.tlog
F:\Comint Project\ComIntProj\ComIntProj\Debug\mt.command.1.tlog
F:\Comint Project\ComIntProj\ComIntProj\Debug\mt.read.1.tlog
F:\Comint Project\ComIntProj\ComIntProj\Debug\mt.write.1.tlog
F:\Comint Project\ComIntProj\ComIntProj\Debug\rc.command.1.tlog
F:\Comint Project\ComIntProj\ComIntProj\Debug\rc.read.1.tlog
F:\Comint Project\ComIntProj\ComIntProj\Debug\rc.write.1.tlog
F:\COMINT PROJECT\COMINTPROJ\COMINTPROJ\DEBUG\STDAFX.OBJ
F:\COMINT PROJECT\COMINTPROJ\COMINTPROJ\DEBUG\VC100.PDB
F:\COMINT PROJECT\COMINTPROJ\DEBUG\COMINTPROJ.EXE
F:\COMINT PROJECT\COMINTPROJ\DEBUG\COMINTPROJ.ILK
F:\COMINT PROJECT\COMINTPROJ\DEBUG\COMINTPROJ.PDB
